Content-Type: text/plain; charset="utf-8"
Content-Transfer-Encoding: quoted-printable
MIME-Version: 1.0
Subject: Restablece tu =?utf-8?q?contrase=C3=B1a?= en MiniAmigixV
From: MiniAmigixV <miniamigixv@gmail.com>
To: miniamigixv@gmail.com
Date: Sun, 31 May 2026 23:38:07 +0000
Message-ID: <178027068757.22292.2144884933726243641@Majo>

Hola,

Recibimos una solicitud para restablecer la contrase=C3=B1a de tu cuenta en M=
iniAmigixV.
Haz clic en el siguiente enlace para crear una nueva contrase=C3=B1a:

http://localhost:8000/reset/NA/d9gh3j-e560fa906ca6c795ccbab88a252bbe77/

Si no solicitaste este cambio, puedes ignorar este correo.

Gracias,
El equipo de MiniAmigixV

-------------------------------------------------------------------------------
Content-Type: text/plain; charset="utf-8"
Content-Transfer-Encoding: quoted-printable
MIME-Version: 1.0
Subject: Restablece tu =?utf-8?q?contrase=C3=B1a?= en MiniAmigixV
From: MiniAmigixV <miniamigixv@gmail.com>
To: miniamigixv@gmail.com
Date: Sun, 31 May 2026 23:38:07 +0000
Message-ID: <178027068758.22292.9019233298428436788@Majo>

Hola,

Recibimos una solicitud para restablecer la contrase=C3=B1a de tu cuenta en M=
iniAmigixV.
Haz clic en el siguiente enlace para crear una nueva contrase=C3=B1a:

http://localhost:8000/reset/NQ/d9gh3j-0e925afca5b27ddd4bb158215b380d5b/

Si no solicitaste este cambio, puedes ignorar este correo.

Gracias,
El equipo de MiniAmigixV

-------------------------------------------------------------------------------
